  [1m[35m (3195.8ms)[0m  [1m[35mCREATE DATABASE "mario_bros_pizza_development" ENCODING = 'unicode'[0m
  [1m[35m (164.4ms)[0m  [1m[35mCREATE DATABASE "mario_bros_pizza_test" ENCODING = 'unicode'[0m
  [1m[35m (45.5ms)[0m  [1m[35mCREATE TABLE "schema_migrations" ("version" character varying NOT NULL PRIMARY KEY)[0m
  [1m[35m (43.4ms)[0m  [1m[35mCREATE TABLE "ar_internal_metadata" ("key" character varying NOT NULL PRIMARY KEY, "value" character varying, "created_at" timestamp(6) NOT NULL, "updated_at" timestamp(6) NOT NULL)[0m
  [1m[35m (0.4ms)[0m  [1m[34mSELECT pg_try_advisory_lock(2034275937070579020)[0m
  [1m[35m (0.5ms)[0m  [1m[34mSELECT "schema_migrations"."version" FROM "schema_migrations" ORDER BY "schema_migrations"."version" ASC[0m
Migrating to CreateCustomers (20200611202132)
  [1m[35m (0.2ms)[0m  [1m[35mBEGIN[0m
  [1m[35m (52.3ms)[0m  [1m[35mCREATE TABLE "customers" ("id" bigserial primary key, "name" character varying, "username" character varying, "address" character varying, "created_at" timestamp(6) NOT NULL, "updated_at" timestamp(6) NOT NULL)[0m
  [1m[36mprimary::SchemaMigration Create (0.8ms)[0m  [1m[32mINSERT INTO "schema_migrations" ("version") VALUES ($1) RETURNING "version"[0m  [["version", "20200611202132"]]
  [1m[35m (0.6ms)[0m  [1m[35mCOMMIT[0m
Migrating to CreateOrders (20200611202648)
  [1m[35m (40.1ms)[0m  [1m[35mBEGIN[0m
  [1m[35m (2.7ms)[0m  [1m[35mCREATE TABLE "orders" ("id" bigserial primary key, "customer_id" integer, "pizza_id" integer, "created_at" timestamp(6) NOT NULL, "updated_at" timestamp(6) NOT NULL)[0m
  [1m[36mprimary::SchemaMigration Create (0.3ms)[0m  [1m[32mINSERT INTO "schema_migrations" ("version") VALUES ($1) RETURNING "version"[0m  [["version", "20200611202648"]]
  [1m[35m (0.6ms)[0m  [1m[35mCOMMIT[0m
Migrating to CreatePizzas (20200611202922)
  [1m[35m (42.0ms)[0m  [1m[35mBEGIN[0m
  [1m[35m (3.3ms)[0m  [1m[35mCREATE TABLE "pizzas" ("id" bigserial primary key, "name" character varying, "size" character varying, "cut" character varying, "bake" character varying, "delivery_instructions" text, "price" decimal, "created_at" timestamp(6) NOT NULL, "updated_at" timestamp(6) NOT NULL)[0m
  [1m[36mprimary::SchemaMigration Create (0.3ms)[0m  [1m[32mINSERT INTO "schema_migrations" ("version") VALUES ($1) RETURNING "version"[0m  [["version", "20200611202922"]]
  [1m[35m (0.5ms)[0m  [1m[35mCOMMIT[0m
Migrating to CreatePizzaIngredients (20200611203045)
  [1m[35m (40.3ms)[0m  [1m[35mBEGIN[0m
  [1m[35m (2.3ms)[0m  [1m[35mCREATE TABLE "pizza_ingredients" ("id" bigserial primary key, "pizza_id" integer, "ingredient_id" integer, "created_at" timestamp(6) NOT NULL, "updated_at" timestamp(6) NOT NULL)[0m
  [1m[36mprimary::SchemaMigration Create (1.4ms)[0m  [1m[32mINSERT INTO "schema_migrations" ("version") VALUES ($1) RETURNING "version"[0m  [["version", "20200611203045"]]
  [1m[35m (0.8ms)[0m  [1m[35mCOMMIT[0m
Migrating to CreateIngredients (20200611203153)
  [1m[35m (40.1ms)[0m  [1m[35mBEGIN[0m
  [1m[35m (4.4ms)[0m  [1m[35mCREATE TABLE "ingredients" ("id" bigserial primary key, "name" character varying, "description" character varying, "picture" character varying, "category" character varying, "created_at" timestamp(6) NOT NULL, "updated_at" timestamp(6) NOT NULL)[0m
  [1m[36mprimary::SchemaMigration Create (0.4ms)[0m  [1m[32mINSERT INTO "schema_migrations" ("version") VALUES ($1) RETURNING "version"[0m  [["version", "20200611203153"]]
  [1m[35m (0.6ms)[0m  [1m[35mCOMMIT[0m
  [1m[36mActiveRecord::InternalMetadata Load (0.3ms)[0m  [1m[34mSELECT "ar_internal_metadata".* FROM "ar_internal_metadata" WHERE "ar_internal_metadata"."key" = $1 LIMIT $2[0m  [["key", "environment"], ["LIMIT", 1]]
  [1m[35m (0.2ms)[0m  [1m[35mBEGIN[0m
  [1m[36mActiveRecord::InternalMetadata Create (0.6ms)[0m  [1m[32mINSERT INTO "ar_internal_metadata" ("key", "value", "created_at", "updated_at") VALUES ($1, $2, $3, $4) RETURNING "key"[0m  [["key", "environment"], ["value", "development"], ["created_at", "2020-06-11 21:04:44.687271"], ["updated_at", "2020-06-11 21:04:44.687271"]]
  [1m[35m (39.6ms)[0m  [1m[35mCOMMIT[0m
  [1m[35m (0.3ms)[0m  [1m[34mSELECT pg_advisory_unlock(2034275937070579020)[0m
  [1m[35m (0.7ms)[0m  [1m[34mSELECT "schema_migrations"."version" FROM "schema_migrations" ORDER BY "schema_migrations"."version" ASC[0m
  [1m[35m (0.2ms)[0m  [1m[34mSELECT pg_try_advisory_lock(2034275937070579020)[0m
  [1m[35m (0.9ms)[0m  [1m[34mSELECT "schema_migrations"."version" FROM "schema_migrations" ORDER BY "schema_migrations"."version" ASC[0m
Migrating to RemoveDeliveryInstructionsFromPizzas (20200611214706)
  [1m[35m (0.3ms)[0m  [1m[35mBEGIN[0m
  [1m[35m (43.3ms)[0m  [1m[35mALTER TABLE "pizzas" DROP COLUMN "delivery_instructions"[0m
  [1m[36mprimary::SchemaMigration Create (26.5ms)[0m  [1m[32mINSERT INTO "schema_migrations" ("version") VALUES ($1) RETURNING "version"[0m  [["version", "20200611214706"]]
  [1m[35m (2.9ms)[0m  [1m[35mCOMMIT[0m
  [1m[36mActiveRecord::InternalMetadata Load (0.6ms)[0m  [1m[34mSELECT "ar_internal_metadata".* FROM "ar_internal_metadata" WHERE "ar_internal_metadata"."key" = $1 LIMIT $2[0m  [["key", "environment"], ["LIMIT", 1]]
  [1m[35m (0.4ms)[0m  [1m[34mSELECT pg_advisory_unlock(2034275937070579020)[0m
  [1m[35m (0.8ms)[0m  [1m[34mSELECT "schema_migrations"."version" FROM "schema_migrations" ORDER BY "schema_migrations"."version" ASC[0m
  [1m[35m (0.2ms)[0m  [1m[34mSELECT pg_try_advisory_lock(2034275937070579020)[0m
  [1m[35m (0.9ms)[0m  [1m[34mSELECT "schema_migrations"."version" FROM "schema_migrations" ORDER BY "schema_migrations"."version" ASC[0m
Migrating to AddDeliveryInstructionsToOrders (20200611215022)
  [1m[35m (0.3ms)[0m  [1m[35mBEGIN[0m
  [1m[35m (27.2ms)[0m  [1m[35mALTER TABLE "orders" ADD "delivery_instructions" text[0m
  [1m[36mprimary::SchemaMigration Create (0.5ms)[0m  [1m[32mINSERT INTO "schema_migrations" ("version") VALUES ($1) RETURNING "version"[0m  [["version", "20200611215022"]]
  [1m[35m (1.0ms)[0m  [1m[35mCOMMIT[0m
  [1m[36mActiveRecord::InternalMetadata Load (1.9ms)[0m  [1m[34mSELECT "ar_internal_metadata".* FROM "ar_internal_metadata" WHERE "ar_internal_metadata"."key" = $1 LIMIT $2[0m  [["key", "environment"], ["LIMIT", 1]]
  [1m[35m (0.3ms)[0m  [1m[34mSELECT pg_advisory_unlock(2034275937070579020)[0m
  [1m[35m (1.0ms)[0m  [1m[34mSELECT "schema_migrations"."version" FROM "schema_migrations" ORDER BY "schema_migrations"."version" ASC[0m
  [1m[35m (0.6ms)[0m  [1m[34mSELECT "schema_migrations"."version" FROM "schema_migrations" ORDER BY "schema_migrations"."version" ASC[0m
  [1m[35m (0.8ms)[0m  [1m[34mSELECT "schema_migrations"."version" FROM "schema_migrations" ORDER BY "schema_migrations"."version" ASC[0m
  [1m[36mCustomer Load (41.2ms)[0m  [1m[34mSELECT "customers".* FROM "customers"[0m
  [1m[36mOrder Load (41.1ms)[0m  [1m[34mSELECT "orders".* FROM "orders"[0m
  [1m[36mPizza Load (41.6ms)[0m  [1m[34mSELECT "pizzas".* FROM "pizzas"[0m
  [1m[36mPizzaIngredient Load (41.9ms)[0m  [1m[34mSELECT "pizza_ingredients".* FROM "pizza_ingredients"[0m
  [1m[36mIngredient Load (41.6ms)[0m  [1m[34mSELECT "ingredients".* FROM "ingredients"[0m
  [1m[35m (1.3ms)[0m  [1m[34mSELECT "schema_migrations"."version" FROM "schema_migrations" ORDER BY "schema_migrations"."version" ASC[0m
  [1m[36mCustomer Load (0.6ms)[0m  [1m[34mSELECT "customers".* FROM "customers"[0m
  [1m[36mOrder Load (0.5ms)[0m  [1m[34mSELECT "orders".* FROM "orders"[0m
  [1m[36mPizza Load (0.6ms)[0m  [1m[34mSELECT "pizzas".* FROM "pizzas"[0m
  [1m[36mPizzaIngredient Load (0.7ms)[0m  [1m[34mSELECT "pizza_ingredients".* FROM "pizza_ingredients"[0m
  [1m[36mIngredient Load (0.6ms)[0m  [1m[34mSELECT "ingredients".* FROM "ingredients"[0m
  [1m[35m (0.2ms)[0m  [1m[35mBEGIN[0m
  [1m[36mIngredient Create (34.8ms)[0m  [1m[32mINSERT INTO "ingredients" ("name", "description", "picture", "category", "created_at", "updated_at") VALUES ($1, $2, $3, $4, $5, $6) RETURNING "id"[0m  [["name", "Green Pepper"], ["description", "Fresh from Mama Mario's garden"], ["picture", "https://t3.ftcdn.net/jpg/01/84/64/86/240_F_184648664_jQMtagbUoYpDUZIH6tdDOaLm7mgIGqbp.jpg"], ["category", "veggie"], ["created_at", "2020-06-11 22:07:39.055118"], ["updated_at", "2020-06-11 22:07:39.055118"]]
  [1m[35m (81.2ms)[0m  [1m[35mCOMMIT[0m
  [1m[35m (0.2ms)[0m  [1m[35mBEGIN[0m
  [1m[36mIngredient Create (0.4ms)[0m  [1m[32mINSERT INTO "ingredients" ("name", "description", "picture", "category", "created_at", "updated_at") VALUES ($1, $2, $3, $4, $5, $6) RETURNING "id"[0m  [["name", "Red Pepper"], ["description", "Imported from Princess Peach's garden"], ["picture", "https://images.eatthismuch.com/site_media/img/516766_basic_bob_346a16bc-c8b3-42ce-866f-1f59bd24985d.png"], ["category", "veggie"], ["created_at", "2020-06-11 22:07:39.188493"], ["updated_at", "2020-06-11 22:07:39.188493"]]
  [1m[35m (0.6ms)[0m  [1m[35mCOMMIT[0m
  [1m[35m (0.2ms)[0m  [1m[35mBEGIN[0m
  [1m[36mIngredient Create (0.4ms)[0m  [1m[32mINSERT INTO "ingredients" ("name", "description", "picture", "category", "created_at", "updated_at") VALUES ($1, $2, $3, $4, $5, $6) RETURNING "id"[0m  [["name", "Banana Pepper"], ["description", "Imported from Isle Delfino"], ["picture", "https://cdn-endpoint-website.azureedge.net/uploads/PhotoModel/14414/image/veg1b1.gallery.jpg"], ["category", "veggie"], ["created_at", "2020-06-11 22:07:39.196281"], ["updated_at", "2020-06-11 22:07:39.196281"]]
  [1m[35m (0.6ms)[0m  [1m[35mCOMMIT[0m
  [1m[35m (0.2ms)[0m  [1m[35mBEGIN[0m
  [1m[36mIngredient Create (0.5ms)[0m  [1m[32mINSERT INTO "ingredients" ("name", "description", "picture", "category", "created_at", "updated_at") VALUES ($1, $2, $3, $4, $5, $6) RETURNING "id"[0m  [["name", "Spinach"], ["description", "Popeye's source of iron"], ["picture", "https://cdn-prod.medicalnewstoday.com/content/images/articles/270/270609/spinach.jpg"], ["category", "veggie"], ["created_at", "2020-06-11 22:07:39.203457"], ["updated_at", "2020-06-11 22:07:39.203457"]]
  [1m[35m (0.4ms)[0m  [1m[35mCOMMIT[0m
  [1m[35m (0.2ms)[0m  [1m[35mBEGIN[0m
  [1m[36mIngredient Create (0.3ms)[0m  [1m[32mINSERT INTO "ingredients" ("name", "description", "picture", "category", "created_at", "updated_at") VALUES ($1, $2, $3, $4, $5, $6) RETURNING "id"[0m  [["name", "Onion"], ["description", "AKA Anti-Alucard"], ["picture", "https://kibsons.com/products/detail/detail/onireaexx250l1/onireaexx250l1.jpg"], ["category", "veggie"], ["created_at", "2020-06-11 22:07:39.210573"], ["updated_at", "2020-06-11 22:07:39.210573"]]
  [1m[35m (0.4ms)[0m  [1m[35mCOMMIT[0m
  [1m[35m (0.2ms)[0m  [1m[35mBEGIN[0m
  [1m[36mIngredient Create (0.3ms)[0m  [1m[32mINSERT INTO "ingredients" ("name", "description", "picture", "category", "created_at", "updated_at") VALUES ($1, $2, $3, $4, $5, $6) RETURNING "id"[0m  [["name", "Mushroom"], ["description", "Straight from the Mushroom Kingdom!"], ["picture", "https://previews.123rf.com/images/alexanderruiz/alexanderruiz1810/alexanderruiz181000735/110894493-sliced-mushrooms.jpg"], ["category", "veggie"], ["created_at", "2020-06-11 22:07:39.216604"], ["updated_at", "2020-06-11 22:07:39.216604"]]
  [1m[35m (0.5ms)[0m  [1m[35mCOMMIT[0m
  [1m[35m (0.2ms)[0m  [1m[35mBEGIN[0m
  [1m[36mIngredient Create (0.4ms)[0m  [1m[32mINSERT INTO "ingredients" ("name", "description", "picture", "category", "created_at", "updated_at") VALUES ($1, $2, $3, $4, $5, $6) RETURNING "id"[0m  [["name", "Pineapple"], ["description", "From Pianta village"], ["picture", "https://cdnimg.webstaurantstore.com/images/products/large/429898/1664584.jpg"], ["category", "veggie"], ["created_at", "2020-06-11 22:07:39.221953"], ["updated_at", "2020-06-11 22:07:39.221953"]]
  [1m[35m (0.4ms)[0m  [1m[35mCOMMIT[0m
  [1m[35m (0.2ms)[0m  [1m[35mBEGIN[0m
  [1m[36mIngredient Create (0.5ms)[0m  [1m[32mINSERT INTO "ingredients" ("name", "description", "picture", "category", "created_at", "updated_at") VALUES ($1, $2, $3, $4, $5, $6) RETURNING "id"[0m  [["name", "Black olives"], ["description", "Goomba farms sends their signature product"], ["picture", "https://cdn.shopify.com/s/files/1/1115/1664/products/sliced-black-olives-2048_50e3313d-bf59-4a06-a39a-63be40a50fde_grande.jpg"], ["category", "veggie"], ["created_at", "2020-06-11 22:07:39.226688"], ["updated_at", "2020-06-11 22:07:39.226688"]]
  [1m[35m (0.5ms)[0m  [1m[35mCOMMIT[0m
  [1m[35m (0.2ms)[0m  [1m[35mBEGIN[0m
  [1m[36mIngredient Create (0.4ms)[0m  [1m[32mINSERT INTO "ingredients" ("name", "description", "picture", "category", "created_at", "updated_at") VALUES ($1, $2, $3, $4, $5, $6) RETURNING "id"[0m  [["name", "Jalapenos"], ["description", "Spicy!"], ["picture", "https://d2d8wwwkmhfcva.cloudfront.net/800x/d2lnr5mha7bycj.cloudfront.net/product-image/file/large_9ed0b3fb-b0fe-40ae-a2cf-3632a7e1141a.jpg"], ["category", "veggie"], ["created_at", "2020-06-11 22:07:39.234080"], ["updated_at", "2020-06-11 22:07:39.234080"]]
  [1m[35m (0.5ms)[0m  [1m[35mCOMMIT[0m
  [1m[35m (0.3ms)[0m  [1m[35mBEGIN[0m
  [1m[36mIngredient Create (0.4ms)[0m  [1m[32mINSERT INTO "ingredients" ("name", "description", "picture", "category", "created_at", "updated_at") VALUES ($1, $2, $3, $4, $5, $6) RETURNING "id"[0m  [["name", "Tomatoes"], ["description", "For more tomato goodness"], ["picture", "https://i.pinimg.com/originals/f7/4b/de/f74bde371dcd76b884d5009a52b25826.jpg"], ["category", "veggie"], ["created_at", "2020-06-11 22:07:39.240778"], ["updated_at", "2020-06-11 22:07:39.240778"]]
  [1m[35m (0.6ms)[0m  [1m[35mCOMMIT[0m
  [1m[35m (0.2ms)[0m  [1m[35mBEGIN[0m
  [1m[36mIngredient Create (0.4ms)[0m  [1m[32mINSERT INTO "ingredients" ("name", "description", "picture", "category", "created_at", "updated_at") VALUES ($1, $2, $3, $4, $5, $6) RETURNING "id"[0m  [["name", "Marinara"], ["description", "Classic"], ["picture", "https://veronikaskitchen.com/wp-content/uploads/2020/02/20200217-IMG_2459-1.jpg"], ["category", "sauce"], ["created_at", "2020-06-11 22:07:39.247704"], ["updated_at", "2020-06-11 22:07:39.247704"]]
  [1m[35m (0.4ms)[0m  [1m[35mCOMMIT[0m
  [1m[35m (0.2ms)[0m  [1m[35mBEGIN[0m
  [1m[36mIngredient Create (0.3ms)[0m  [1m[32mINSERT INTO "ingredients" ("name", "description", "picture", "category", "created_at", "updated_at") VALUES ($1, $2, $3, $4, $5, $6) RETURNING "id"[0m  [["name", "BBQ"], ["description", "A new trend!"], ["picture", "https://www.rachelcooks.com/wp-content/uploads/2019/04/homemade-bbq-sauce-web-5-of-6.jpg"], ["category", "sauce"], ["created_at", "2020-06-11 22:07:39.253573"], ["updated_at", "2020-06-11 22:07:39.253573"]]
  [1m[35m (0.5ms)[0m  [1m[35mCOMMIT[0m
  [1m[35m (0.1ms)[0m  [1m[35mBEGIN[0m
  [1m[36mIngredient Create (0.4ms)[0m  [1m[32mINSERT INTO "ingredients" ("name", "description", "picture", "category", "created_at", "updated_at") VALUES ($1, $2, $3, $4, $5, $6) RETURNING "id"[0m  [["name", "Ranch"], ["description", "Sourced from Crawford, TX."], ["picture", "https://thesaltymarshmallow.com/wp-content/uploads/2018/12/ranch-dressing3.jpg"], ["category", "sauce"], ["created_at", "2020-06-11 22:07:39.258680"], ["updated_at", "2020-06-11 22:07:39.258680"]]
  [1m[35m (0.7ms)[0m  [1m[35mCOMMIT[0m
  [1m[35m (0.2ms)[0m  [1m[35mBEGIN[0m
  [1m[36mIngredient Create (0.4ms)[0m  [1m[32mINSERT INTO "ingredients" ("name", "description", "picture", "category", "created_at", "updated_at") VALUES ($1, $2, $3, $4, $5, $6) RETURNING "id"[0m  [["name", "Buffalo"], ["description", "No bison were harmed obtaining this sauce"], ["picture", "https://www.dontgobaconmyheart.co.uk/wp-content/uploads/2019/07/homemade-buffalo-sauce-1-500x500.jpg"], ["category", "sauce"], ["created_at", "2020-06-11 22:07:39.264939"], ["updated_at", "2020-06-11 22:07:39.264939"]]
  [1m[35m (1.0ms)[0m  [1m[35mCOMMIT[0m
  [1m[35m (0.2ms)[0m  [1m[35mBEGIN[0m
  [1m[36mIngredient Create (0.4ms)[0m  [1m[32mINSERT INTO "ingredients" ("name", "description", "picture", "category", "created_at", "updated_at") VALUES ($1, $2, $3, $4, $5, $6) RETURNING "id"[0m  [["name", "Alfredo"], ["description", "So creamy"], ["picture", "https://i2.wp.com/natashaskitchen.com/wp-content/uploads/2020/04/White-Sauce-For-Pizza-4-500x500.jpg"], ["category", "sauce"], ["created_at", "2020-06-11 22:07:39.272278"], ["updated_at", "2020-06-11 22:07:39.272278"]]
  [1m[35m (0.9ms)[0m  [1m[35mCOMMIT[0m
  [1m[35m (0.2ms)[0m  [1m[35mBEGIN[0m
  [1m[36mIngredient Create (0.3ms)[0m  [1m[32mINSERT INTO "ingredients" ("name", "description", "picture", "category", "created_at", "updated_at") VALUES ($1, $2, $3, $4, $5, $6) RETURNING "id"[0m  [["name", "Pepperoni"], ["description", "Classic American pepperoni"], ["picture", "https://p0.pikrepo.com/preview/384/19/two-brown-sausage-on-brown-wooden-table.jpg"], ["category", "meat"], ["created_at", "2020-06-11 22:07:39.280114"], ["updated_at", "2020-06-11 22:07:39.280114"]]
  [1m[35m (0.6ms)[0m  [1m[35mCOMMIT[0m
  [1m[35m (0.1ms)[0m  [1m[35mBEGIN[0m
  [1m[36mIngredient Create (0.3ms)[0m  [1m[32mINSERT INTO "ingredients" ("name", "description", "picture", "category", "created_at", "updated_at") VALUES ($1, $2, $3, $4, $5, $6) RETURNING "id"[0m  [["name", "Sausage"], ["description", "Pork sausage"], ["picture", "https://p1.pxfuel.com/preview/534/592/885/sausages-sausage-bratwurst-barbecue.jpg"], ["category", "meat"], ["created_at", "2020-06-11 22:07:39.285387"], ["updated_at", "2020-06-11 22:07:39.285387"]]
  [1m[35m (0.4ms)[0m  [1m[35mCOMMIT[0m
  [1m[35m (0.2ms)[0m  [1m[35mBEGIN[0m
  [1m[36mIngredient Create (0.3ms)[0m  [1m[32mINSERT INTO "ingredients" ("name", "description", "picture", "category", "created_at", "updated_at") VALUES ($1, $2, $3, $4, $5, $6) RETURNING "id"[0m  [["name", "Anchovies"], ["description", "From Peru"], ["picture", "https://www.washingtonpost.com/resizer/3bo_KsT50DBX7tSbSvTnyCMJBM0=/1484x0/arc-anglerfish-washpost-prod-washpost.s3.amazonaws.com/public/SNXNWY7LPI3J7M3AXS4C6OGBKE.jpg"], ["category", "meat"], ["created_at", "2020-06-11 22:07:39.290290"], ["updated_at", "2020-06-11 22:07:39.290290"]]
  [1m[35m (1.0ms)[0m  [1m[35mCOMMIT[0m
  [1m[35m (0.2ms)[0m  [1m[35mBEGIN[0m
  [1m[36mIngredient Create (0.4ms)[0m  [1m[32mINSERT INTO "ingredients" ("name", "description", "picture", "category", "created_at", "updated_at") VALUES ($1, $2, $3, $4, $5, $6) RETURNING "id"[0m  [["name", "Salami"], ["description", "Cured for an appropriate amount of time"], ["picture", "https://live.staticflickr.com/65535/48177126997_c202904aed_b.jpg"], ["category", "meat"], ["created_at", "2020-06-11 22:07:39.295673"], ["updated_at", "2020-06-11 22:07:39.295673"]]
  [1m[35m (0.6ms)[0m  [1m[35mCOMMIT[0m
  [1m[35m (0.2ms)[0m  [1m[35mBEGIN[0m
  [1m[36mIngredient Create (0.3ms)[0m  [1m[32mINSERT INTO "ingredients" ("name", "description", "picture", "category", "created_at", "updated_at") VALUES ($1, $2, $3, $4, $5, $6) RETURNING "id"[0m  [["name", "Spicy Italian Sausage"], ["description", "Wario's specialty"], ["picture", "https://live.staticflickr.com/7163/6774512459_45a3a97ffd_b.jpg"], ["category", "meat"], ["created_at", "2020-06-11 22:07:39.301960"], ["updated_at", "2020-06-11 22:07:39.301960"]]
  [1m[35m (0.5ms)[0m  [1m[35mCOMMIT[0m
  [1m[35m (0.1ms)[0m  [1m[35mBEGIN[0m
  [1m[36mIngredient Create (1.2ms)[0m  [1m[32mINSERT INTO "ingredients" ("name", "description", "picture", "category", "created_at", "updated_at") VALUES ($1, $2, $3, $4, $5, $6) RETURNING "id"[0m  [["name", "Bacon"], ["description", "Not Canadian"], ["picture", "https://www.publicdomainpictures.net/pictures/110000/velka/rasher-of-bacon.jpg"], ["category", "meat"], ["created_at", "2020-06-11 22:07:39.306669"], ["updated_at", "2020-06-11 22:07:39.306669"]]
  [1m[35m (0.4ms)[0m  [1m[35mCOMMIT[0m
  [1m[35m (0.3ms)[0m  [1m[35mBEGIN[0m
  [1m[36mIngredient Create (0.4ms)[0m  [1m[32mINSERT INTO "ingredients" ("name", "description", "picture", "category", "created_at", "updated_at") VALUES ($1, $2, $3, $4, $5, $6) RETURNING "id"[0m  [["name", "Chicken"], ["description", "Marty McFly's favorite"], ["picture", "https://live.staticflickr.com/65535/49573408716_5a3d59c357_b.jpg"], ["category", "meat"], ["created_at", "2020-06-11 22:07:39.313707"], ["updated_at", "2020-06-11 22:07:39.313707"]]
  [1m[35m (40.3ms)[0m  [1m[35mCOMMIT[0m
  [1m[35m (0.2ms)[0m  [1m[35mBEGIN[0m
  [1m[36mIngredient Create (0.4ms)[0m  [1m[32mINSERT INTO "ingredients" ("name", "description", "picture", "category", "created_at", "updated_at") VALUES ($1, $2, $3, $4, $5, $6) RETURNING "id"[0m  [["name", "Mozzarella"], ["description", "A classic choice"], ["picture", "https://live.staticflickr.com/8609/15992023573_f695944840_b.jpg"], ["category", "cheese"], ["created_at", "2020-06-11 22:07:39.360467"], ["updated_at", "2020-06-11 22:07:39.360467"]]
  [1m[35m (0.5ms)[0m  [1m[35mCOMMIT[0m
  [1m[35m (0.2ms)[0m  [1m[35mBEGIN[0m
  [1m[36mIngredient Create (0.3ms)[0m  [1m[32mINSERT INTO "ingredients" ("name", "description", "picture", "category", "created_at", "updated_at") VALUES ($1, $2, $3, $4, $5, $6) RETURNING "id"[0m  [["name", "Parmesan"], ["description", "Par for the course"], ["picture", "https://cdn.pixabay.com/photo/2017/02/19/18/02/parmesan-2080467_960_720.jpg"], ["category", "cheese"], ["created_at", "2020-06-11 22:07:39.365716"], ["updated_at", "2020-06-11 22:07:39.365716"]]
  [1m[35m (0.5ms)[0m  [1m[35mCOMMIT[0m
  [1m[35m (0.1ms)[0m  [1m[35mBEGIN[0m
  [1m[36mIngredient Create (0.4ms)[0m  [1m[32mINSERT INTO "ingredients" ("name", "description", "picture", "category", "created_at", "updated_at") VALUES ($1, $2, $3, $4, $5, $6) RETURNING "id"[0m  [["name", "Gorgonzola"], ["description", "From Gonzaga university"], ["picture", "https://live.staticflickr.com/1333/1418700825_6bfd6a554e_z.jpg"], ["category", "cheese"], ["created_at", "2020-06-11 22:07:39.370678"], ["updated_at", "2020-06-11 22:07:39.370678"]]
  [1m[35m (0.5ms)[0m  [1m[35mCOMMIT[0m
  [1m[35m (0.1ms)[0m  [1m[35mBEGIN[0m
  [1m[36mIngredient Create (0.3ms)[0m  [1m[32mINSERT INTO "ingredients" ("name", "description", "picture", "category", "created_at", "updated_at") VALUES ($1, $2, $3, $4, $5, $6) RETURNING "id"[0m  [["name", "Provolone"], ["description", "The provenance of our Provelone is nonpareil"], ["picture", "https://live.staticflickr.com/102/291975884_a7de508af0_c.jpg"], ["category", "cheese"], ["created_at", "2020-06-11 22:07:39.391324"], ["updated_at", "2020-06-11 22:07:39.391324"]]
  [1m[35m (0.4ms)[0m  [1m[35mCOMMIT[0m
  [1m[35m (0.2ms)[0m  [1m[35mBEGIN[0m
  [1m[36mPizza Create (1.1ms)[0m  [1m[32mINSERT INTO "pizzas" ("name", "size", "bake", "price", "created_at", "updated_at") VALUES ($1, $2, $3, $4, $5, $6) RETURNING "id"[0m  [["name", "Classic Cheese"], ["size", "medium"], ["bake", "normal"], ["price", "10.0"], ["created_at", "2020-06-11 22:07:39.404649"], ["updated_at", "2020-06-11 22:07:39.404649"]]
  [1m[35m (0.4ms)[0m  [1m[35mCOMMIT[0m
  [1m[35m (0.1ms)[0m  [1m[35mBEGIN[0m
  [1m[36mPizza Create (0.4ms)[0m  [1m[32mINSERT INTO "pizzas" ("name", "size", "bake", "price", "created_at", "updated_at") VALUES ($1, $2, $3, $4, $5, $6) RETURNING "id"[0m  [["name", "Classic Pepperoni"], ["size", "large"], ["bake", "normal"], ["price", "12.0"], ["created_at", "2020-06-11 22:07:39.410094"], ["updated_at", "2020-06-11 22:07:39.410094"]]
  [1m[35m (0.5ms)[0m  [1m[35mCOMMIT[0m
  [1m[35m (0.1ms)[0m  [1m[35mBEGIN[0m
  [1m[36mPizza Create (0.3ms)[0m  [1m[32mINSERT INTO "pizzas" ("name", "size", "bake", "price", "created_at", "updated_at") VALUES ($1, $2, $3, $4, $5, $6) RETURNING "id"[0m  [["name", "Veggie-lovers"], ["size", "small"], ["bake", "normal"], ["price", "9.0"], ["created_at", "2020-06-11 22:07:39.414926"], ["updated_at", "2020-06-11 22:07:39.414926"]]
  [1m[35m (0.4ms)[0m  [1m[35mCOMMIT[0m
  [1m[35m (0.2ms)[0m  [1m[35mBEGIN[0m
  [1m[36mPizzaIngredient Create (40.5ms)[0m  [1m[32mINSERT INTO "pizza_ingredients" ("pizza_id", "ingredient_id", "created_at", "updated_at") VALUES ($1, $2, $3, $4) RETURNING "id"[0m  [["pizza_id", 1], ["ingredient_id", 23], ["created_at", "2020-06-11 22:07:39.539945"], ["updated_at", "2020-06-11 22:07:39.539945"]]
  [1m[35m (0.9ms)[0m  [1m[35mCOMMIT[0m
  [1m[35m (12.8ms)[0m  [1m[35mBEGIN[0m
  [1m[36mPizzaIngredient Create (0.6ms)[0m  [1m[32mINSERT INTO "pizza_ingredients" ("pizza_id", "ingredient_id", "created_at", "updated_at") VALUES ($1, $2, $3, $4) RETURNING "id"[0m  [["pizza_id", 1], ["ingredient_id", 11], ["created_at", "2020-06-11 22:07:39.586226"], ["updated_at", "2020-06-11 22:07:39.586226"]]
  [1m[35m (41.0ms)[0m  [1m[35mCOMMIT[0m
  [1m[35m (0.1ms)[0m  [1m[35mBEGIN[0m
  [1m[36mPizzaIngredient Create (0.4ms)[0m  [1m[32mINSERT INTO "pizza_ingredients" ("pizza_id", "ingredient_id", "created_at", "updated_at") VALUES ($1, $2, $3, $4) RETURNING "id"[0m  [["pizza_id", 2], ["ingredient_id", 23], ["created_at", "2020-06-11 22:07:39.646773"], ["updated_at", "2020-06-11 22:07:39.646773"]]
  [1m[35m (0.5ms)[0m  [1m[35mCOMMIT[0m
  [1m[35m (0.1ms)[0m  [1m[35mBEGIN[0m
  [1m[36mPizzaIngredient Create (0.3ms)[0m  [1m[32mINSERT INTO "pizza_ingredients" ("pizza_id", "ingredient_id", "created_at", "updated_at") VALUES ($1, $2, $3, $4) RETURNING "id"[0m  [["pizza_id", 2], ["ingredient_id", 16], ["created_at", "2020-06-11 22:07:39.651865"], ["updated_at", "2020-06-11 22:07:39.651865"]]
  [1m[35m (0.4ms)[0m  [1m[35mCOMMIT[0m
  [1m[35m (0.1ms)[0m  [1m[35mBEGIN[0m
  [1m[36mPizzaIngredient Create (0.3ms)[0m  [1m[32mINSERT INTO "pizza_ingredients" ("pizza_id", "ingredient_id", "created_at", "updated_at") VALUES ($1, $2, $3, $4) RETURNING "id"[0m  [["pizza_id", 2], ["ingredient_id", 11], ["created_at", "2020-06-11 22:07:39.656827"], ["updated_at", "2020-06-11 22:07:39.656827"]]
  [1m[35m (0.4ms)[0m  [1m[35mCOMMIT[0m
  [1m[35m (0.1ms)[0m  [1m[35mBEGIN[0m
  [1m[36mPizzaIngredient Create (0.3ms)[0m  [1m[32mINSERT INTO "pizza_ingredients" ("pizza_id", "ingredient_id", "created_at", "updated_at") VALUES ($1, $2, $3, $4) RETURNING "id"[0m  [["pizza_id", 3], ["ingredient_id", 23], ["created_at", "2020-06-11 22:07:39.660939"], ["updated_at", "2020-06-11 22:07:39.660939"]]
  [1m[35m (0.5ms)[0m  [1m[35mCOMMIT[0m
  [1m[35m (0.1ms)[0m  [1m[35mBEGIN[0m
  [1m[36mPizzaIngredient Create (0.2ms)[0m  [1m[32mINSERT INTO "pizza_ingredients" ("pizza_id", "ingredient_id", "created_at", "updated_at") VALUES ($1, $2, $3, $4) RETURNING "id"[0m  [["pizza_id", 3], ["ingredient_id", 10], ["created_at", "2020-06-11 22:07:39.664886"], ["updated_at", "2020-06-11 22:07:39.664886"]]
  [1m[35m (0.4ms)[0m  [1m[35mCOMMIT[0m
  [1m[35m (0.2ms)[0m  [1m[35mBEGIN[0m
  [1m[36mPizzaIngredient Create (0.3ms)[0m  [1m[32mINSERT INTO "pizza_ingredients" ("pizza_id", "ingredient_id", "created_at", "updated_at") VALUES ($1, $2, $3, $4) RETURNING "id"[0m  [["pizza_id", 3], ["ingredient_id", 11], ["created_at", "2020-06-11 22:07:39.668620"], ["updated_at", "2020-06-11 22:07:39.668620"]]
  [1m[35m (0.5ms)[0m  [1m[35mCOMMIT[0m
  [1m[35m (0.2ms)[0m  [1m[35mBEGIN[0m
  [1m[36mPizzaIngredient Create (0.5ms)[0m  [1m[32mINSERT INTO "pizza_ingredients" ("pizza_id", "ingredient_id", "created_at", "updated_at") VALUES ($1, $2, $3, $4) RETURNING "id"[0m  [["pizza_id", 3], ["ingredient_id", 1], ["created_at", "2020-06-11 22:07:39.673977"], ["updated_at", "2020-06-11 22:07:39.673977"]]
  [1m[35m (0.6ms)[0m  [1m[35mCOMMIT[0m
  [1m[35m (0.2ms)[0m  [1m[35mBEGIN[0m
  [1m[36mPizzaIngredient Create (0.3ms)[0m  [1m[32mINSERT INTO "pizza_ingredients" ("pizza_id", "ingredient_id", "created_at", "updated_at") VALUES ($1, $2, $3, $4) RETURNING "id"[0m  [["pizza_id", 3], ["ingredient_id", 4], ["created_at", "2020-06-11 22:07:39.679041"], ["updated_at", "2020-06-11 22:07:39.679041"]]
  [1m[35m (0.7ms)[0m  [1m[35mCOMMIT[0m
  [1m[35m (0.2ms)[0m  [1m[35mBEGIN[0m
  [1m[36mPizzaIngredient Create (0.3ms)[0m  [1m[32mINSERT INTO "pizza_ingredients" ("pizza_id", "ingredient_id", "created_at", "updated_at") VALUES ($1, $2, $3, $4) RETURNING "id"[0m  [["pizza_id", 3], ["ingredient_id", 8], ["created_at", "2020-06-11 22:07:39.684336"], ["updated_at", "2020-06-11 22:07:39.684336"]]
  [1m[35m (0.5ms)[0m  [1m[35mCOMMIT[0m
  [1m[35m (0.1ms)[0m  [1m[35mBEGIN[0m
  [1m[36mPizzaIngredient Create (0.3ms)[0m  [1m[32mINSERT INTO "pizza_ingredients" ("pizza_id", "ingredient_id", "created_at", "updated_at") VALUES ($1, $2, $3, $4) RETURNING "id"[0m  [["pizza_id", 3], ["ingredient_id", 6], ["created_at", "2020-06-11 22:07:39.688662"], ["updated_at", "2020-06-11 22:07:39.688662"]]
  [1m[35m (0.5ms)[0m  [1m[35mCOMMIT[0m
  [1m[35m (0.2ms)[0m  [1m[35mBEGIN[0m
  [1m[36mCustomer Create (0.7ms)[0m  [1m[32mINSERT INTO "customers" ("name", "username", "address", "created_at", "updated_at") VALUES ($1, $2, $3, $4, $5) RETURNING "id"[0m  [["name", "Paul Nicholsen"], ["username", "p.nicholsen"], ["address", "1440 G St NW"], ["created_at", "2020-06-11 22:07:39.701798"], ["updated_at", "2020-06-11 22:07:39.701798"]]
  [1m[35m (40.9ms)[0m  [1m[35mCOMMIT[0m
  [1m[35m (0.1ms)[0m  [1m[35mBEGIN[0m
  [1m[36mCustomer Create (0.4ms)[0m  [1m[32mINSERT INTO "customers" ("name", "username", "address", "created_at", "updated_at") VALUES ($1, $2, $3, $4, $5) RETURNING "id"[0m  [["name", "Ann Duong"], ["username", "a.duong"], ["address", "601 F St NW"], ["created_at", "2020-06-11 22:07:39.747722"], ["updated_at", "2020-06-11 22:07:39.747722"]]
  [1m[35m (39.8ms)[0m  [1m[35mCOMMIT[0m
  [1m[35m (0.1ms)[0m  [1m[35mBEGIN[0m
  [1m[36mCustomer Create (0.3ms)[0m  [1m[32mINSERT INTO "customers" ("name", "username", "address", "created_at", "updated_at") VALUES ($1, $2, $3, $4, $5) RETURNING "id"[0m  [["name", "Shannon Nabors"], ["username", "s.nabors"], ["address", "850 10th St NW"], ["created_at", "2020-06-11 22:07:39.792235"], ["updated_at", "2020-06-11 22:07:39.792235"]]
  [1m[35m (0.8ms)[0m  [1m[35mCOMMIT[0m
  [1m[35m (0.1ms)[0m  [1m[35mBEGIN[0m
  [1m[36mCustomer Create (0.3ms)[0m  [1m[32mINSERT INTO "customers" ("name", "username", "address", "created_at", "updated_at") VALUES ($1, $2, $3, $4, $5) RETURNING "id"[0m  [["name", "Chine Anikwe"], ["username", "c.anikwe"], ["address", "900 NY Ave"], ["created_at", "2020-06-11 22:07:39.797394"], ["updated_at", "2020-06-11 22:07:39.797394"]]
  [1m[35m (0.5ms)[0m  [1m[35mCOMMIT[0m
  [1m[35m (0.2ms)[0m  [1m[35mBEGIN[0m
  [1m[36mOrder Create (0.6ms)[0m  [1m[32mINSERT INTO "orders" ("customer_id", "pizza_id", "created_at", "updated_at", "delivery_instructions") VALUES ($1, $2, $3, $4, $5) RETURNING "id"[0m  [["customer_id", 1], ["pizza_id", 1], ["created_at", "2020-06-11 22:07:39.811560"], ["updated_at", "2020-06-11 22:07:39.811560"], ["delivery_instructions", "hurry up"]]
  [1m[35m (39.9ms)[0m  [1m[35mCOMMIT[0m
  [1m[35m (0.1ms)[0m  [1m[35mBEGIN[0m
  [1m[36mOrder Create (0.3ms)[0m  [1m[32mINSERT INTO "orders" ("customer_id", "pizza_id", "created_at", "updated_at", "delivery_instructions") VALUES ($1, $2, $3, $4, $5) RETURNING "id"[0m  [["customer_id", 2], ["pizza_id", 2], ["created_at", "2020-06-11 22:07:39.856504"], ["updated_at", "2020-06-11 22:07:39.856504"], ["delivery_instructions", "i am hungry"]]
  [1m[35m (0.5ms)[0m  [1m[35mCOMMIT[0m
  [1m[35m (0.1ms)[0m  [1m[35mBEGIN[0m
  [1m[36mOrder Create (0.3ms)[0m  [1m[32mINSERT INTO "orders" ("customer_id", "pizza_id", "created_at", "updated_at", "delivery_instructions") VALUES ($1, $2, $3, $4, $5) RETURNING "id"[0m  [["customer_id", 3], ["pizza_id", 1], ["created_at", "2020-06-11 22:07:39.860777"], ["updated_at", "2020-06-11 22:07:39.860777"], ["delivery_instructions", "no anchovies this time"]]
  [1m[35m (0.6ms)[0m  [1m[35mCOMMIT[0m
  [1m[35m (0.1ms)[0m  [1m[35mBEGIN[0m
  [1m[36mOrder Create (0.2ms)[0m  [1m[32mINSERT INTO "orders" ("customer_id", "pizza_id", "created_at", "updated_at", "delivery_instructions") VALUES ($1, $2, $3, $4, $5) RETURNING "id"[0m  [["customer_id", 4], ["pizza_id", 3], ["created_at", "2020-06-11 22:07:39.865012"], ["updated_at", "2020-06-11 22:07:39.865012"], ["delivery_instructions", "don't send the creepy bike guy"]]
  [1m[35m (0.6ms)[0m  [1m[35mCOMMIT[0m
  [1m[36mOrder Load (0.7ms)[0m  [1m[34mSELECT "orders".* FROM "orders" ORDER BY "orders"."id" DESC LIMIT $1[0m  [["LIMIT", 1]]
  [1m[36mCustomer Load (0.5ms)[0m  [1m[34mSELECT "customers".* FROM "customers" ORDER BY "customers"."id" ASC LIMIT $1[0m  [["LIMIT", 1]]
  [1m[36mPizza Load (1.5ms)[0m  [1m[34mSELECT "pizzas".* FROM "pizzas" INNER JOIN "orders" ON "pizzas"."id" = "orders"."pizza_id" WHERE "orders"."customer_id" = $1 LIMIT $2[0m  [["customer_id", 1], ["LIMIT", 11]]
  [1m[36mCustomer Load (0.6ms)[0m  [1m[34mSELECT "customers".* FROM "customers" ORDER BY "customers"."id" ASC LIMIT $1[0m  [["LIMIT", 1]]
  [1m[36mPizza Load (0.5ms)[0m  [1m[34mSELECT "pizzas".* FROM "pizzas" INNER JOIN "orders" ON "pizzas"."id" = "orders"."pizza_id" WHERE "orders"."customer_id" = $1 LIMIT $2[0m  [["customer_id", 1], ["LIMIT", 11]]
  [1m[36mCustomer Load (0.4ms)[0m  [1m[34mSELECT "customers".* FROM "customers" ORDER BY "customers"."id" ASC LIMIT $1[0m  [["LIMIT", 1]]
  [1m[36mPizza Load (1.0ms)[0m  [1m[34mSELECT "pizzas".* FROM "pizzas" INNER JOIN "orders" ON "pizzas"."id" = "orders"."pizza_id" WHERE "orders"."customer_id" = $1[0m  [["customer_id", 1]]
  [1m[36mIngredient Load (0.6ms)[0m  [1m[34mSELECT "ingredients".* FROM "ingredients" INNER JOIN "pizza_ingredients" ON "ingredients"."id" = "pizza_ingredients"."ingredient_id" WHERE "pizza_ingredients"."pizza_id" = $1 LIMIT $2[0m  [["pizza_id", 1], ["LIMIT", 11]]
